<?xml version="1.0" encoding="UTF-8"?>
<testng-results skipped="0" failed="0" total="1" passed="1">
  <reporter-output>
  </reporter-output>
  <suite name="Default suite" duration-ms="90770" started-at="2019-01-18T11:19:29Z" finished-at="2019-01-18T11:21:00Z">
    <groups>
    </groups>
    <test name="Default test" duration-ms="90770" started-at="2019-01-18T11:19:29Z" finished-at="2019-01-18T11:21:00Z">
      <class name="testcase.ChangeReport">
        <test-method status="PASS" signature="startReport()[pri:0, instance:testcase.ChangeReport@553f17c]" name="startReport" is-config="true" duration-ms="429" started-at="2019-01-18T16:49:29Z" finished-at="2019-01-18T16:49:30Z">
          <reporter-output>
          </reporter-output>
        </test-method> <!-- startReport -->
        <test-method status="PASS" signature="testCreateChnageRequest()[pri:0, instance:testcase.ChangeReport@553f17c]" name="testCreateChnageRequest" duration-ms="89832" started-at="2019-01-18T16:49:30Z" description="Creation of a CR Ticket" finished-at="2019-01-18T16:50:59Z">
          <reporter-output>
          </reporter-output>
        </test-method> <!-- testCreateChnageRequest -->
        <test-method status="PASS" signature="getResult(org.testng.ITestResult)[pri:0, instance:testcase.ChangeReport@553f17c]" name="getResult" is-config="true" duration-ms="1" started-at="2019-01-18T16:50:59Z" finished-at="2019-01-18T16:50:59Z">
          <params>
            <param index="0">
              <value>
                <![CDATA[[TestResult name=testCreateChnageRequest status=SUCCESS method=ChangeReport.testCreateChnageRequest()[pri:0, instance:testcase.ChangeReport@553f17c] output={null}]]]>
              </value>
            </param>
          </params>
          <reporter-output>
          </reporter-output>
        </test-method> <!-- getResult -->
        <test-method status="PASS" signature="endReport()[pri:0, instance:testcase.ChangeReport@553f17c]" name="endReport" is-config="true" duration-ms="488" started-at="2019-01-18T16:50:59Z" finished-at="2019-01-18T16:51:00Z">
          <reporter-output>
          </reporter-output>
        </test-method> <!-- endReport -->
      </class> <!-- testcase.ChangeReport -->
    </test> <!-- Default test -->
  </suite> <!-- Default suite -->
</testng-results>
