<?xml version="1.0" encoding="UTF-8"?>
<testng-results skipped="0" failed="1" total="1" passed="0">
  <reporter-output>
  </reporter-output>
  <suite name="Default suite" duration-ms="33185" started-at="2019-02-13T11:05:28Z" finished-at="2019-02-13T11:06:01Z">
    <groups>
    </groups>
    <test name="Default test" duration-ms="33185" started-at="2019-02-13T11:05:28Z" finished-at="2019-02-13T11:06:01Z">
      <class name="testcase.ChangeReg">
        <test-method status="PASS" signature="startReport()[pri:0, instance:testcase.ChangeReg@239963d8]" name="startReport" is-config="true" duration-ms="410" started-at="2019-02-13T16:35:28Z" finished-at="2019-02-13T16:35:29Z">
          <reporter-output>
          </reporter-output>
        </test-method> <!-- startReport -->
        <test-method status="FAIL" signature="testCreateNormalChnageRequestFromProblem()[pri:0, instance:testcase.ChangeReg@239963d8]" name="testCreateNormalChnageRequestFromProblem" duration-ms="32739" started-at="2019-02-13T16:35:29Z" description="Creation of a CR Ticket" finished-at="2019-02-13T16:36:01Z">
          <exception class="java.lang.NullPointerException">
            <full-stacktrace>
              <![CDATA[java.lang.NullPointerException
	at com.servicenow.genericlibraries.ExtentReport.reportLog(ExtentReport.java:43)
	at testcase.ChangeReg.testCreateNormalChnageRequestFromProblem(ChangeReg.java:375)
	at sun.reflect.NativeMethodAccessorImpl.invoke0(Native Method)
	at sun.reflect.NativeMethodAccessorImpl.invoke(NativeMethodAccessorImpl.java:62)
	at sun.reflect.DelegatingMethodAccessorImpl.invoke(DelegatingMethodAccessorImpl.java:43)
	at java.lang.reflect.Method.invoke(Method.java:498)
	at org.testng.internal.MethodInvocationHelper.invokeMethod(MethodInvocationHelper.java:80)
	at org.testng.internal.Invoker.invokeMethod(Invoker.java:714)
	at org.testng.internal.Invoker.invokeTestMethod(Invoker.java:901)
	at org.testng.internal.Invoker.invokeTestMethods(Invoker.java:1231)
	at org.testng.internal.TestMethodWorker.invokeTestMethods(TestMethodWorker.java:127)
	at org.testng.internal.TestMethodWorker.run(TestMethodWorker.java:111)
	at org.testng.TestRunner.privateRun(TestRunner.java:767)
	at org.testng.TestRunner.run(TestRunner.java:617)
	at org.testng.SuiteRunner.runTest(SuiteRunner.java:334)
	at org.testng.SuiteRunner.runSequentially(SuiteRunner.java:329)
	at org.testng.SuiteRunner.privateRun(SuiteRunner.java:291)
	at org.testng.SuiteRunner.run(SuiteRunner.java:240)
	at org.testng.SuiteRunnerWorker.runSuite(SuiteRunnerWorker.java:52)
	at org.testng.SuiteRunnerWorker.run(SuiteRunnerWorker.java:86)
	at org.testng.TestNG.runSuitesSequentially(TestNG.java:1198)
	at org.testng.TestNG.runSuitesLocally(TestNG.java:1123)
	at org.testng.TestNG.run(TestNG.java:1031)
	at org.testng.remote.AbstractRemoteTestNG.run(AbstractRemoteTestNG.java:114)
	at org.testng.remote.RemoteTestNG.initAndRun(RemoteTestNG.java:251)
	at org.testng.remote.RemoteTestNG.main(RemoteTestNG.java:77)
]]>
            </full-stacktrace>
          </exception> <!-- java.lang.NullPointerException -->
          <reporter-output>
          </reporter-output>
        </test-method> <!-- testCreateNormalChnageRequestFromProblem -->
      </class> <!-- testcase.ChangeReg -->
    </test> <!-- Default test -->
  </suite> <!-- Default suite -->
</testng-results>
